


ARM Macro Assembler    Page 1 


    1 00000000                 PRESERVE8
    2 00000000                 THUMB
    3 00000000         
    4 00000000                 include          DriverJeuLaser.inc
    1 00000000         
    2 00000000         ; Bibliotheque DriverJeuLaser (ancienne gassp72 adaptée 
                       2021 - TR)
    3 00000000         ; Accès en aux fonctions suivantes :
    4 00000000         ; GPIO :
    5 00000000         ; GPIOA_Set(char Broche), GPIOB_Set(char Broche), GPIOC_
                       Set(char Broche)
    6 00000000         ; GPIOA_Clear(char Broche), GPIOB_Clear(char Broche), GP
                       IOC_Clear(char Broche)
    7 00000000         
    8 00000000         ; PWM :
    9 00000000         ;/**
   10 00000000         ; * @brief  Fixe une valeur de PWM, Val, en tick horloge
                       . La rapport cyclique effectif
   11 00000000         ; * est donc : rcy = Thaut_ticks / Periode_ticks
   12 00000000         ; * @note   spécifique Jeu Laser, PWM liée exclusivement
                        au TIM3, chan3
   13 00000000         ; * @param  Thaut_ticks : durée de l'état haut d'une imp
                       ulsion en Ticks
   14 00000000         ;  * @retval None
   15 00000000         ; */
   16 00000000         
   17 00000000         ;void PWM_Set_Value_TIM3_Ch3( unsigned short int Thaut_t
                       icks);
   18 00000000                 import           PWM_Set_Value_TIM3_Ch3
   19 00000000         
   20 00000000         
   21 00000000         
   22 00000000         ;/**
   23 00000000         ; * @brief  Mise à 1 d'une broche GPIO 
   24 00000000         ;  * @note   Une fonction par GPIO
   25 00000000         ; * @param  Broche : 0 à 15
   26 00000000         ; * @retval None
   27 00000000         ; */
   28 00000000         
   29 00000000         ;void GPIOA_Set(char Broche);
   30 00000000                 import           GPIOA_Set
   31 00000000         
   32 00000000         ;void GPIOB_Set(char Broche);
   33 00000000                 import           GPIOB_Set
   34 00000000         
   35 00000000         ;void GPIOC_Set(char Broche);
   36 00000000                 import           GPIOC_Set
   37 00000000         
   38 00000000         
   39 00000000         
   40 00000000         ;/**
   41 00000000         ; * @brief  Mise à 0 d'une broche GPIO 
   42 00000000         ;  * @note   Une fonction par GPIO
   43 00000000         ; * @param  Broche : 0 à 15
   44 00000000         ; * @retval None
   45 00000000         ;  */
   46 00000000         
   47 00000000         ;void GPIOA_Clear(char Broche);
   48 00000000                 import           GPIOA_Clear



ARM Macro Assembler    Page 2 


   49 00000000         
   50 00000000         ;void GPIOB_Clear(char Broche);
   51 00000000                 import           GPIOB_Clear
   52 00000000         
   53 00000000         ;void GPIOC_Clear(char Broche);
   54 00000000                 import           GPIOC_Clear
   55 00000000         
   56 00000000                 end
    5 00000000         
    6 00000000         ; ====================== zone de réservation de données,
                         ======================================
    7 00000000         ;Section RAM (read only) :
    8 00000000                 area             mesdata,data,readonly
    9 00000000         
   10 00000000         
   11 00000000         ;Section RAM (read write):
   12 00000000                 area             maram,data,readwrite
   13 00000000 00000000 
                       SortieSon
                               dcd              0
   14 00000004         
   15 00000004                 import           Son
   16 00000004                 import           LongueurSon
   17 00000004                 import           Cursor
   18 00000004         
   19 00000004                 export           SortieSon
   20 00000004                 export           PlaySound
   21 00000004         
   22 00000004         ; ======================================================
                       =========================================
   23 00000004         
   24 00000004         
   25 00000004         ;Section ROM code (read only) :  
   26 00000004                 area             moncode,code,readonly
   27 00000000         ; écrire le code ici  
   28 00000000         
   29 00000000         PlaySound
                               proc
   30 00000000         
   31 00000000         ;R0 = Cursor;
   32 00000000 4812            ldr              R0, =Cursor
   33 00000002 6800            ldr              R0, [R0]
   34 00000004         
   35 00000004         ;R1 = *R0;
   36 00000004 F9B0 1000       ldrsh            R1, [R0]
   37 00000008         
   38 00000008         ;R1 += 32768
   39 00000008 F501 4100       add              R1, #32768
   40 0000000C         
   41 0000000C         ;R1 *= 719
   42 0000000C F240 22CF       mov              R2, #719
   43 00000010 FB01 F102       mul              R1, R2
   44 00000014         
   45 00000014         ;R1 /= 65536
   46 00000014 F44F 3280       mov              R2, #65536
   47 00000018 FB91 F1F2       sdiv             R1, R2
   48 0000001C         
   49 0000001C         ;SortieSon = R2;
   50 0000001C 4A0C            ldr              R2, =SortieSon



ARM Macro Assembler    Page 3 


   51 0000001E 6011            str              R1, [R2]
   52 00000020         
   53 00000020 B401            push             {R0}
   54 00000022 B500            push             {lr}
   55 00000024 4608            mov              R0, R1
   56 00000026 F7FF FFFE       bl               PWM_Set_Value_TIM3_Ch3
   57 0000002A F85D EB04       pop              {lr}
   58 0000002E BC01            pop              {R0}
   59 00000030         
   60 00000030         ;R1=&Son
   61 00000030 4908            ldr              R1, =Son
   62 00000032         ;R1+=LongueurSon
   63 00000032 4A09            ldr              R2, =LongueurSon
   64 00000034 6812            ldr              R2, [R2]
   65 00000036 EA4F 0242       lsl              r2,#1
   66 0000003A         
   67 0000003A 4411            add              R1, R2
   68 0000003C         
   69 0000003C         ;if(R0 < R1){
   70 0000003C 4288            cmp              R0, R1
   71 0000003E DA03            bge              return
   72 00000040         ; R0++;
   73 00000040 F100 0002       add              r0, #2
   74 00000044         
   75 00000044         ;   Cursor = R0
   76 00000044 4A01            ldr              R2, =Cursor
   77 00000046 6010            str              R0, [R2]
   78 00000048         
   79 00000048         
   80 00000048         ;}
   81 00000048         return
   82 00000048         ; return;
   83 00000048 4770            bx               lr
   84 0000004A         
   85 0000004A         
   86 0000004A         
   87 0000004A         
   88 0000004A         
   89 0000004A         
   90 0000004A                 endp
   91 0000004A                 END
              00 00 00000000 
              00000000 
              00000000 
              00000000 
Command Line: --debug --xref --diag_suppress=9931 --cpu=Cortex-M3 --apcs=interw
ork --depend=.\obj\gestionson.d -o.\obj\gestionson.o -I.\Driver -I.\RTE\_CibleS
ondeKEIL -IC:\Programdata\Keil\Arm\Packs\ARM\CMSIS\5.7.0\CMSIS\Core\Include -IC
:\Programdata\Keil\Arm\Packs\Keil\STM32F1xx_DFP\2.3.0\Device\Include --predefin
e="__EVAL SETA 1" --predefine="__MICROLIB SETA 1" --predefine="__UVISION_VERSIO
N SETA 534" --predefine="_RTE_ SETA 1" --predefine="STM32F10X_MD SETA 1" --pred
efine="_RTE_ SETA 1" --list=gestionson.lst Src\GestionSon.s



ARM Macro Assembler    Page 1 Alphabetic symbol ordering
Relocatable symbols

mesdata 00000000

Symbol: mesdata
   Definitions
      At line 8 in file Src\GestionSon.s
   Uses
      None
Comment: mesdata unused
1 symbol



ARM Macro Assembler    Page 1 Alphabetic symbol ordering
Relocatable symbols

SortieSon 00000000

Symbol: SortieSon
   Definitions
      At line 13 in file Src\GestionSon.s
   Uses
      At line 19 in file Src\GestionSon.s
      At line 50 in file Src\GestionSon.s

maram 00000000

Symbol: maram
   Definitions
      At line 12 in file Src\GestionSon.s
   Uses
      None
Comment: maram unused
2 symbols



ARM Macro Assembler    Page 1 Alphabetic symbol ordering
Relocatable symbols

PlaySound 00000000

Symbol: PlaySound
   Definitions
      At line 29 in file Src\GestionSon.s
   Uses
      At line 20 in file Src\GestionSon.s
Comment: PlaySound used once
moncode 00000000

Symbol: moncode
   Definitions
      At line 26 in file Src\GestionSon.s
   Uses
      None
Comment: moncode unused
return 00000048

Symbol: return
   Definitions
      At line 81 in file Src\GestionSon.s
   Uses
      At line 71 in file Src\GestionSon.s
Comment: return used once
3 symbols



ARM Macro Assembler    Page 1 Alphabetic symbol ordering
External symbols

Cursor 00000000

Symbol: Cursor
   Definitions
      At line 17 in file Src\GestionSon.s
   Uses
      At line 32 in file Src\GestionSon.s
      At line 76 in file Src\GestionSon.s

GPIOA_Clear 00000000

Symbol: GPIOA_Clear
   Definitions
      At line 48 in file .\Driver\DriverJeuLaser.inc
   Uses
      None
Comment: GPIOA_Clear unused
GPIOA_Set 00000000

Symbol: GPIOA_Set
   Definitions
      At line 30 in file .\Driver\DriverJeuLaser.inc
   Uses
      None
Comment: GPIOA_Set unused
GPIOB_Clear 00000000

Symbol: GPIOB_Clear
   Definitions
      At line 51 in file .\Driver\DriverJeuLaser.inc
   Uses
      None
Comment: GPIOB_Clear unused
GPIOB_Set 00000000

Symbol: GPIOB_Set
   Definitions
      At line 33 in file .\Driver\DriverJeuLaser.inc
   Uses
      None
Comment: GPIOB_Set unused
GPIOC_Clear 00000000

Symbol: GPIOC_Clear
   Definitions
      At line 54 in file .\Driver\DriverJeuLaser.inc
   Uses
      None
Comment: GPIOC_Clear unused
GPIOC_Set 00000000

Symbol: GPIOC_Set
   Definitions
      At line 36 in file .\Driver\DriverJeuLaser.inc
   Uses
      None
Comment: GPIOC_Set unused
LongueurSon 00000000




ARM Macro Assembler    Page 2 Alphabetic symbol ordering
External symbols

Symbol: LongueurSon
   Definitions
      At line 16 in file Src\GestionSon.s
   Uses
      At line 63 in file Src\GestionSon.s
Comment: LongueurSon used once
PWM_Set_Value_TIM3_Ch3 00000000

Symbol: PWM_Set_Value_TIM3_Ch3
   Definitions
      At line 18 in file .\Driver\DriverJeuLaser.inc
   Uses
      At line 56 in file Src\GestionSon.s
Comment: PWM_Set_Value_TIM3_Ch3 used once
Son 00000000

Symbol: Son
   Definitions
      At line 15 in file Src\GestionSon.s
   Uses
      At line 61 in file Src\GestionSon.s
Comment: Son used once
10 symbols
353 symbols in table
